# JRE version: OpenJDK Runtime Environment (17.0.10) (build 17.0.10+0--11609105)
# Java VM: OpenJDK 64-Bit Server VM (17.0.10+0--11609105, mixed mode, tiered, compressed oops, compressed class ptrs, g1 gc, windows-amd64)
GC Precious Log:
 CPUs: 20 total, 20 available
 Memory: 16004M
 Large Page Support: Disabled
 NUMA Support: Disabled
 Compressed Oops: Enabled (32-bit)
 Heap Region Size: 1M
 Heap Min Capacity: 8M
 Heap Initial Capacity: 252M
 Heap Max Capacity: 1536M
 Pre-touch: Disabled
 Parallel Workers: 15
 Concurrent Workers: 4
 Concurrent Refinement Workers: 15
 Periodic GC: Disabled
Heap:
 garbage-first heap   total 125952K, used 72762K [0x00000000a0000000, 0x0000000100000000)
  region size 1024K, 5 young (5120K), 2 survivors (2048K)
 Metaspace       used 54473K, committed 55104K, reserved 1114112K
  class space    used 7306K, committed 7616K, reserved 1048576K
GC Heap History (20 events):
Event: 2.627 GC heap before
{Heap before GC invocations=8 (full 0):
 garbage-first heap   total 71680K, used 55528K [0x00000000a0000000, 0x0000000100000000)
  region size 1024K, 21 young (21504K), 5 survivors (5120K)
 Metaspace       used 34183K, committed 34560K, reserved 1114112K
  class space    used 4686K, committed 4864K, reserved 1048576K
}
Event: 2.630 GC heap after
{Heap after GC invocations=9 (full 0):
 garbage-first heap   total 71680K, used 40115K [0x00000000a0000000, 0x0000000100000000)
  region size 1024K, 1 young (1024K), 1 survivors (1024K)
 Metaspace       used 34183K, committed 34560K, reserved 1114112K
  class space    used 4686K, committed 4864K, reserved 1048576K
}
Event: 2.790 GC heap before
{Heap before GC invocations=9 (full 0):
 garbage-first heap   total 71680K, used 56499K [0x00000000a0000000, 0x0000000100000000)
  region size 1024K, 17 young (17408K), 1 survivors (1024K)
 Metaspace       used 36062K, committed 36480K, reserved 1114112K
  class space    used 4994K, committed 5184K, reserved 1048576K
}
Event: 2.792 GC heap after
{Heap after GC invocations=10 (full 0):
 garbage-first heap   total 86016K, used 40812K [0x00000000a0000000, 0x0000000100000000)
  region size 1024K, 2 young (2048K), 2 survivors (2048K)
 Metaspace       used 36062K, committed 36480K, reserved 1114112K
  class space    used 4994K, committed 5184K, reserved 1048576K
}
Event: 3.085 GC heap before
{Heap before GC invocations=11 (full 0):
 garbage-first heap   total 86016K, used 65388K [0x00000000a0000000, 0x0000000100000000)
  region size 1024K, 27 young (27648K), 2 survivors (2048K)
 Metaspace       used 40059K, committed 40448K, reserved 1114112K
  class space    used 5578K, committed 5760K, reserved 1048576K
}
Event: 3.087 GC heap after
{Heap after GC invocations=12 (full 0):
 garbage-first heap   total 86016K, used 42544K [0x00000000a0000000, 0x0000000100000000)
  region size 1024K, 4 young (4096K), 4 survivors (4096K)
 Metaspace       used 40059K, committed 40448K, reserved 1114112K
  class space    used 5578K, committed 5760K, reserved 1048576K
}
Event: 3.327 GC heap before
{Heap before GC invocations=12 (full 0):
 garbage-first heap   total 86016K, used 66096K [0x00000000a0000000, 0x0000000100000000)
  region size 1024K, 28 young (28672K), 4 survivors (4096K)
 Metaspace       used 44780K, committed 45248K, reserved 1114112K
  class space    used 6039K, committed 6272K, reserved 1048576K
}
Event: 3.330 GC heap after
{Heap after GC invocations=13 (full 0):
 garbage-first heap   total 86016K, used 45493K [0x00000000a0000000, 0x0000000100000000)
  region size 1024K, 4 young (4096K), 4 survivors (4096K)
 Metaspace       used 44780K, committed 45248K, reserved 1114112K
  class space    used 6039K, committed 6272K, reserved 1048576K
}
Event: 3.431 GC heap before
{Heap before GC invocations=14 (full 0):
 garbage-first heap   total 86016K, used 60853K [0x00000000a0000000, 0x0000000100000000)
  region size 1024K, 21 young (21504K), 4 survivors (4096K)
 Metaspace       used 45216K, committed 45568K, reserved 1114112K
  class space    used 6087K, committed 6272K, reserved 1048576K
}
Event: 3.434 GC heap after
{Heap after GC invocations=15 (full 0):
 garbage-first heap   total 86016K, used 48170K [0x00000000a0000000, 0x0000000100000000)
  region size 1024K, 3 young (3072K), 3 survivors (3072K)
 Metaspace       used 45216K, committed 45568K, reserved 1114112K
  class space    used 6087K, committed 6272K, reserved 1048576K
}
Event: 3.665 GC heap before
{Heap before GC invocations=16 (full 0):
 garbage-first heap   total 92160K, used 72746K [0x00000000a0000000, 0x0000000100000000)
  region size 1024K, 22 young (22528K), 3 survivors (3072K)
 Metaspace       used 48113K, committed 48576K, reserved 1114112K
  class space    used 6428K, committed 6656K, reserved 1048576K
}
Event: 3.668 GC heap after
{Heap after GC invocations=17 (full 0):
 garbage-first heap   total 92160K, used 49787K [0x00000000a0000000, 0x0000000100000000)
  region size 1024K, 2 young (2048K), 2 survivors (2048K)
 Metaspace       used 48113K, committed 48576K, reserved 1114112K
  class space    used 6428K, committed 6656K, reserved 1048576K
}
Event: 3.905 GC heap before
{Heap before GC invocations=17 (full 0):
 garbage-first heap   total 92160K, used 72315K [0x00000000a0000000, 0x0000000100000000)
  region size 1024K, 25 young (25600K), 2 survivors (2048K)
 Metaspace       used 50327K, committed 50816K, reserved 1114112K
  class space    used 6792K, committed 7040K, reserved 1048576K
}
Event: 3.908 GC heap after
{Heap after GC invocations=18 (full 0):
 garbage-first heap   total 92160K, used 52359K [0x00000000a0000000, 0x0000000100000000)
  region size 1024K, 4 young (4096K), 4 survivors (4096K)
 Metaspace       used 50327K, committed 50816K, reserved 1114112K
  class space    used 6792K, committed 7040K, reserved 1048576K
}
Event: 4.137 GC heap before
{Heap before GC invocations=19 (full 0):
 garbage-first heap   total 104448K, used 88199K [0x00000000a0000000, 0x0000000100000000)
  region size 1024K, 25 young (25600K), 4 survivors (4096K)
 Metaspace       used 52487K, committed 52992K, reserved 1114112K
  class space    used 6981K, committed 7232K, reserved 1048576K
}
Event: 4.140 GC heap after
{Heap after GC invocations=20 (full 0):
 garbage-first heap   total 125952K, used 69711K [0x00000000a0000000, 0x0000000100000000)
  region size 1024K, 4 young (4096K), 4 survivors (4096K)
 Metaspace       used 52487K, committed 52992K, reserved 1114112K
  class space    used 6981K, committed 7232K, reserved 1048576K
}
Event: 4.171 GC heap before
{Heap before GC invocations=20 (full 0):
 garbage-first heap   total 125952K, used 71759K [0x00000000a0000000, 0x0000000100000000)
  region size 1024K, 6 young (6144K), 4 survivors (4096K)
 Metaspace       used 52691K, committed 53184K, reserved 1114112K
  class space    used 7014K, committed 7232K, reserved 1048576K
}
Event: 4.173 GC heap after
{Heap after GC invocations=21 (full 0):
 garbage-first heap   total 125952K, used 69833K [0x00000000a0000000, 0x0000000100000000)
  region size 1024K, 1 young (1024K), 1 survivors (1024K)
 Metaspace       used 52691K, committed 53184K, reserved 1114112K
  class space    used 7014K, committed 7232K, reserved 1048576K
}
Event: 4.366 GC heap before
{Heap before GC invocations=21 (full 0):
 garbage-first heap   total 125952K, used 95433K [0x00000000a0000000, 0x0000000100000000)
  region size 1024K, 27 young (27648K), 1 survivors (1024K)
 Metaspace       used 54176K, committed 54784K, reserved 1114112K
  class space    used 7262K, committed 7552K, reserved 1048576K
}
Event: 4.368 GC heap after
{Heap after GC invocations=22 (full 0):
 garbage-first heap   total 125952K, used 70714K [0x00000000a0000000, 0x0000000100000000)
  region size 1024K, 2 young (2048K), 2 survivors (2048K)
 Metaspace       used 54176K, committed 54784K, reserved 1114112K
  class space    used 7262K, committed 7552K, reserved 1048576K
}

