# JRE version: OpenJDK Runtime Environment (17.0.10) (build 17.0.10+0--11609105)
# Java VM: OpenJDK 64-Bit Server VM (17.0.10+0--11609105, mixed mode, tiered, compressed oops, compressed class ptrs, g1 gc, windows-amd64)
GC Precious Log:
 CPUs: 20 total, 20 available
 Memory: 16004M
 Large Page Support: Disabled
 NUMA Support: Disabled
 Compressed Oops: Enabled (Zero based)
 Heap Region Size: 2M
 Heap Min Capacity: 8M
 Heap Initial Capacity: 252M
 Heap Max Capacity: 4002M
 Pre-touch: Disabled
 Parallel Workers: 15
 Concurrent Workers: 4
 Concurrent Refinement Workers: 15
 Periodic GC: Disabled
Heap:
 garbage-first heap   total 270336K, used 142667K [0x0000000705e00000, 0x0000000800000000)
  region size 2048K, 44 young (90112K), 9 survivors (18432K)
 Metaspace       used 66925K, committed 67200K, reserved 1114112K
  class space    used 7605K, committed 7744K, reserved 1048576K
GC Heap History (20 events):
Event: 1.216 GC heap before
{Heap before GC invocations=5 (full 0):
 garbage-first heap   total 45056K, used 28896K [0x0000000705e00000, 0x0000000800000000)
  region size 2048K, 7 young (14336K), 2 survivors (4096K)
 Metaspace       used 28780K, committed 28992K, reserved 1114112K
  class space    used 3685K, committed 3776K, reserved 1048576K
}
Event: 1.221 GC heap after
{Heap after GC invocations=6 (full 0):
 garbage-first heap   total 45056K, used 20025K [0x0000000705e00000, 0x0000000800000000)
  region size 2048K, 1 young (2048K), 1 survivors (2048K)
 Metaspace       used 28780K, committed 28992K, reserved 1114112K
  class space    used 3685K, committed 3776K, reserved 1048576K
}
Event: 1.341 GC heap before
{Heap before GC invocations=6 (full 0):
 garbage-first heap   total 45056K, used 30265K [0x0000000705e00000, 0x0000000800000000)
  region size 2048K, 6 young (12288K), 1 survivors (2048K)
 Metaspace       used 30249K, committed 30528K, reserved 1114112K
  class space    used 3836K, committed 3968K, reserved 1048576K
}
Event: 1.344 GC heap after
{Heap after GC invocations=7 (full 0):
 garbage-first heap   total 45056K, used 18766K [0x0000000705e00000, 0x0000000800000000)
  region size 2048K, 1 young (2048K), 1 survivors (2048K)
 Metaspace       used 30249K, committed 30528K, reserved 1114112K
  class space    used 3836K, committed 3968K, reserved 1048576K
}
Event: 1.448 GC heap before
{Heap before GC invocations=8 (full 0):
 garbage-first heap   total 45056K, used 29006K [0x0000000705e00000, 0x0000000800000000)
  region size 2048K, 6 young (12288K), 1 survivors (2048K)
 Metaspace       used 32324K, committed 32512K, reserved 1114112K
  class space    used 4081K, committed 4160K, reserved 1048576K
}
Event: 1.452 GC heap after
{Heap after GC invocations=9 (full 0):
 garbage-first heap   total 151552K, used 19885K [0x0000000705e00000, 0x0000000800000000)
  region size 2048K, 1 young (2048K), 1 survivors (2048K)
 Metaspace       used 32324K, committed 32512K, reserved 1114112K
  class space    used 4081K, committed 4160K, reserved 1048576K
}
Event: 1.498 GC heap before
{Heap before GC invocations=9 (full 0):
 garbage-first heap   total 151552K, used 21933K [0x0000000705e00000, 0x0000000800000000)
  region size 2048K, 3 young (6144K), 1 survivors (2048K)
 Metaspace       used 33031K, committed 33216K, reserved 1114112K
  class space    used 4142K, committed 4224K, reserved 1048576K
}
Event: 1.501 GC heap after
{Heap after GC invocations=10 (full 0):
 garbage-first heap   total 151552K, used 20115K [0x0000000705e00000, 0x0000000800000000)
  region size 2048K, 1 young (2048K), 1 survivors (2048K)
 Metaspace       used 33031K, committed 33216K, reserved 1114112K
  class space    used 4142K, committed 4224K, reserved 1048576K
}
Event: 2.397 GC heap before
{Heap before GC invocations=10 (full 0):
 garbage-first heap   total 151552K, used 91795K [0x0000000705e00000, 0x0000000800000000)
  region size 2048K, 36 young (73728K), 1 survivors (2048K)
 Metaspace       used 42440K, committed 42688K, reserved 1114112K
  class space    used 5097K, committed 5184K, reserved 1048576K
}
Event: 2.405 GC heap after
{Heap after GC invocations=11 (full 0):
 garbage-first heap   total 151552K, used 26190K [0x0000000705e00000, 0x0000000800000000)
  region size 2048K, 4 young (8192K), 4 survivors (8192K)
 Metaspace       used 42440K, committed 42688K, reserved 1114112K
  class space    used 5097K, committed 5184K, reserved 1048576K
}
Event: 3.605 GC heap before
{Heap before GC invocations=11 (full 0):
 garbage-first heap   total 151552K, used 79438K [0x0000000705e00000, 0x0000000800000000)
  region size 2048K, 30 young (61440K), 4 survivors (8192K)
 Metaspace       used 50813K, committed 51008K, reserved 1114112K
  class space    used 6013K, committed 6080K, reserved 1048576K
}
Event: 3.615 GC heap after
{Heap after GC invocations=12 (full 0):
 garbage-first heap   total 151552K, used 35993K [0x0000000705e00000, 0x0000000800000000)
  region size 2048K, 4 young (8192K), 4 survivors (8192K)
 Metaspace       used 50813K, committed 51008K, reserved 1114112K
  class space    used 6013K, committed 6080K, reserved 1048576K
}
Event: 4.893 GC heap before
{Heap before GC invocations=13 (full 0):
 garbage-first heap   total 131072K, used 105625K [0x0000000705e00000, 0x0000000800000000)
  region size 2048K, 38 young (77824K), 4 survivors (8192K)
 Metaspace       used 55168K, committed 55488K, reserved 1114112K
  class space    used 6458K, committed 6592K, reserved 1048576K
}
Event: 4.910 GC heap after
{Heap after GC invocations=14 (full 0):
 garbage-first heap   total 131072K, used 48631K [0x0000000705e00000, 0x0000000800000000)
  region size 2048K, 5 young (10240K), 5 survivors (10240K)
 Metaspace       used 55168K, committed 55488K, reserved 1114112K
  class space    used 6458K, committed 6592K, reserved 1048576K
}
Event: 4.925 GC heap before
{Heap before GC invocations=14 (full 0):
 garbage-first heap   total 131072K, used 50679K [0x0000000705e00000, 0x0000000800000000)
  region size 2048K, 6 young (12288K), 5 survivors (10240K)
 Metaspace       used 55198K, committed 55488K, reserved 1114112K
  class space    used 6458K, committed 6592K, reserved 1048576K
}
Event: 4.936 GC heap after
{Heap after GC invocations=15 (full 0):
 garbage-first heap   total 131072K, used 50993K [0x0000000705e00000, 0x0000000800000000)
  region size 2048K, 1 young (2048K), 1 survivors (2048K)
 Metaspace       used 55198K, committed 55488K, reserved 1114112K
  class space    used 6458K, committed 6592K, reserved 1048576K
}
Event: 5.447 GC heap before
{Heap before GC invocations=15 (full 0):
 garbage-first heap   total 131072K, used 94001K [0x0000000705e00000, 0x0000000800000000)
  region size 2048K, 22 young (45056K), 1 survivors (2048K)
 Metaspace       used 56951K, committed 57216K, reserved 1114112K
  class space    used 6655K, committed 6784K, reserved 1048576K
}
Event: 5.456 GC heap after
{Heap after GC invocations=16 (full 0):
 garbage-first heap   total 270336K, used 57343K [0x0000000705e00000, 0x0000000800000000)
  region size 2048K, 3 young (6144K), 3 survivors (6144K)
 Metaspace       used 56951K, committed 57216K, reserved 1114112K
  class space    used 6655K, committed 6784K, reserved 1048576K
}
Event: 8.960 GC heap before
{Heap before GC invocations=16 (full 0):
 garbage-first heap   total 270336K, used 190463K [0x0000000705e00000, 0x0000000800000000)
  region size 2048K, 67 young (137216K), 3 survivors (6144K)
 Metaspace       used 64595K, committed 64896K, reserved 1114112K
  class space    used 7343K, committed 7488K, reserved 1048576K
}
Event: 8.980 GC heap after
{Heap after GC invocations=17 (full 0):
 garbage-first heap   total 270336K, used 73035K [0x0000000705e00000, 0x0000000800000000)
  region size 2048K, 9 young (18432K), 9 survivors (18432K)
 Metaspace       used 64595K, committed 64896K, reserved 1114112K
  class space    used 7343K, committed 7488K, reserved 1048576K
}

