# JRE version: OpenJDK Runtime Environment (17.0.10) (build 17.0.10+0--11609105)
# Java VM: OpenJDK 64-Bit Server VM (17.0.10+0--11609105, mixed mode, tiered, compressed oops, compressed class ptrs, g1 gc, windows-amd64)
GC Precious Log:
 CPUs: 20 total, 20 available
 Memory: 16004M
 Large Page Support: Disabled
 NUMA Support: Disabled
 Compressed Oops: Enabled (Zero based)
 Heap Region Size: 2M
 Heap Min Capacity: 8M
 Heap Initial Capacity: 252M
 Heap Max Capacity: 4002M
 Pre-touch: Disabled
 Parallel Workers: 15
 Concurrent Workers: 4
 Concurrent Refinement Workers: 15
 Periodic GC: Disabled
Heap:
 garbage-first heap   total 172032K, used 117545K [0x0000000705e00000, 0x0000000800000000)
  region size 2048K, 28 young (57344K), 4 survivors (8192K)
 Metaspace       used 62569K, committed 62912K, reserved 1114112K
  class space    used 7239K, committed 7424K, reserved 1048576K
GC Heap History (20 events):
Event: 0.890 GC heap before
{Heap before GC invocations=3 (full 0):
 garbage-first heap   total 40960K, used 29307K [0x0000000705e00000, 0x0000000800000000)
  region size 2048K, 14 young (28672K), 3 survivors (6144K)
 Metaspace       used 24524K, committed 24768K, reserved 1114112K
  class space    used 2996K, committed 3072K, reserved 1048576K
}
Event: 0.894 GC heap after
{Heap after GC invocations=4 (full 0):
 garbage-first heap   total 43008K, used 12779K [0x0000000705e00000, 0x0000000800000000)
  region size 2048K, 3 young (6144K), 3 survivors (6144K)
 Metaspace       used 24524K, committed 24768K, reserved 1114112K
  class space    used 2996K, committed 3072K, reserved 1048576K
}
Event: 1.019 GC heap before
{Heap before GC invocations=4 (full 0):
 garbage-first heap   total 43008K, used 29163K [0x0000000705e00000, 0x0000000800000000)
  region size 2048K, 10 young (20480K), 3 survivors (6144K)
 Metaspace       used 25294K, committed 25472K, reserved 1114112K
  class space    used 3086K, committed 3136K, reserved 1048576K
}
Event: 1.024 GC heap after
{Heap after GC invocations=5 (full 0):
 garbage-first heap   total 43008K, used 18732K [0x0000000705e00000, 0x0000000800000000)
  region size 2048K, 2 young (4096K), 2 survivors (4096K)
 Metaspace       used 25294K, committed 25472K, reserved 1114112K
  class space    used 3086K, committed 3136K, reserved 1048576K
}
Event: 1.118 GC heap before
{Heap before GC invocations=5 (full 0):
 garbage-first heap   total 43008K, used 24876K [0x0000000705e00000, 0x0000000800000000)
  region size 2048K, 6 young (12288K), 2 survivors (4096K)
 Metaspace       used 27950K, committed 28160K, reserved 1114112K
  class space    used 3590K, committed 3648K, reserved 1048576K
}
Event: 1.121 GC heap after
{Heap after GC invocations=6 (full 0):
 garbage-first heap   total 43008K, used 19985K [0x0000000705e00000, 0x0000000800000000)
  region size 2048K, 1 young (2048K), 1 survivors (2048K)
 Metaspace       used 27950K, committed 28160K, reserved 1114112K
  class space    used 3590K, committed 3648K, reserved 1048576K
}
Event: 1.208 GC heap before
{Heap before GC invocations=6 (full 0):
 garbage-first heap   total 43008K, used 28177K [0x0000000705e00000, 0x0000000800000000)
  region size 2048K, 5 young (10240K), 1 survivors (2048K)
 Metaspace       used 29914K, committed 30144K, reserved 1114112K
  class space    used 3799K, committed 3904K, reserved 1048576K
}
Event: 1.210 GC heap after
{Heap after GC invocations=7 (full 0):
 garbage-first heap   total 43008K, used 20630K [0x0000000705e00000, 0x0000000800000000)
  region size 2048K, 1 young (2048K), 1 survivors (2048K)
 Metaspace       used 29914K, committed 30144K, reserved 1114112K
  class space    used 3799K, committed 3904K, reserved 1048576K
}
Event: 1.274 GC heap before
{Heap before GC invocations=8 (full 0):
 garbage-first heap   total 43008K, used 28822K [0x0000000705e00000, 0x0000000800000000)
  region size 2048K, 5 young (10240K), 1 survivors (2048K)
 Metaspace       used 30975K, committed 31232K, reserved 1114112K
  class space    used 3927K, committed 4032K, reserved 1048576K
}
Event: 1.277 GC heap after
{Heap after GC invocations=9 (full 0):
 garbage-first heap   total 151552K, used 19699K [0x0000000705e00000, 0x0000000800000000)
  region size 2048K, 1 young (2048K), 1 survivors (2048K)
 Metaspace       used 30975K, committed 31232K, reserved 1114112K
  class space    used 3927K, committed 4032K, reserved 1048576K
}
Event: 2.149 GC heap before
{Heap before GC invocations=9 (full 0):
 garbage-first heap   total 151552K, used 99571K [0x0000000705e00000, 0x0000000800000000)
  region size 2048K, 40 young (81920K), 1 survivors (2048K)
 Metaspace       used 42449K, committed 42624K, reserved 1114112K
  class space    used 5095K, committed 5184K, reserved 1048576K
}
Event: 2.156 GC heap after
{Heap after GC invocations=10 (full 0):
 garbage-first heap   total 151552K, used 27315K [0x0000000705e00000, 0x0000000800000000)
  region size 2048K, 5 young (10240K), 5 survivors (10240K)
 Metaspace       used 42449K, committed 42624K, reserved 1114112K
  class space    used 5095K, committed 5184K, reserved 1048576K
}
Event: 3.158 GC heap before
{Heap before GC invocations=10 (full 0):
 garbage-first heap   total 151552K, used 84659K [0x0000000705e00000, 0x0000000800000000)
  region size 2048K, 33 young (67584K), 5 survivors (10240K)
 Metaspace       used 50029K, committed 50240K, reserved 1114112K
  class space    used 5908K, committed 6016K, reserved 1048576K
}
Event: 3.166 GC heap after
{Heap after GC invocations=11 (full 0):
 garbage-first heap   total 151552K, used 37709K [0x0000000705e00000, 0x0000000800000000)
  region size 2048K, 5 young (10240K), 5 survivors (10240K)
 Metaspace       used 50029K, committed 50240K, reserved 1114112K
  class space    used 5908K, committed 6016K, reserved 1048576K
}
Event: 4.373 GC heap before
{Heap before GC invocations=12 (full 0):
 garbage-first heap   total 143360K, used 107341K [0x0000000705e00000, 0x0000000800000000)
  region size 2048K, 39 young (79872K), 5 survivors (10240K)
 Metaspace       used 55291K, committed 55488K, reserved 1114112K
  class space    used 6441K, committed 6528K, reserved 1048576K
}
Event: 4.389 GC heap after
{Heap after GC invocations=13 (full 0):
 garbage-first heap   total 143360K, used 50816K [0x0000000705e00000, 0x0000000800000000)
  region size 2048K, 5 young (10240K), 5 survivors (10240K)
 Metaspace       used 55291K, committed 55488K, reserved 1114112K
  class space    used 6441K, committed 6528K, reserved 1048576K
}
Event: 4.972 GC heap before
{Heap before GC invocations=13 (full 0):
 garbage-first heap   total 143360K, used 102016K [0x0000000705e00000, 0x0000000800000000)
  region size 2048K, 30 young (61440K), 5 survivors (10240K)
 Metaspace       used 57098K, committed 57408K, reserved 1114112K
  class space    used 6653K, committed 6784K, reserved 1048576K
}
Event: 4.986 GC heap after
{Heap after GC invocations=14 (full 0):
 garbage-first heap   total 143360K, used 60385K [0x0000000705e00000, 0x0000000800000000)
  region size 2048K, 4 young (8192K), 4 survivors (8192K)
 Metaspace       used 57098K, committed 57408K, reserved 1114112K
  class space    used 6653K, committed 6784K, reserved 1048576K
}
Event: 5.605 GC heap before
{Heap before GC invocations=14 (full 0):
 garbage-first heap   total 143360K, used 105441K [0x0000000705e00000, 0x0000000800000000)
  region size 2048K, 25 young (51200K), 4 survivors (8192K)
 Metaspace       used 58548K, committed 58752K, reserved 1114112K
  class space    used 6767K, committed 6848K, reserved 1048576K
}
Event: 5.615 GC heap after
{Heap after GC invocations=15 (full 0):
 garbage-first heap   total 172032K, used 70441K [0x0000000705e00000, 0x0000000800000000)
  region size 2048K, 4 young (8192K), 4 survivors (8192K)
 Metaspace       used 58548K, committed 58752K, reserved 1114112K
  class space    used 6767K, committed 6848K, reserved 1048576K
}

