# JRE version: OpenJDK Runtime Environment (17.0.10) (build 17.0.10+0--11609105)
# Java VM: OpenJDK 64-Bit Server VM (17.0.10+0--11609105, mixed mode, tiered, compressed oops, compressed class ptrs, g1 gc, windows-amd64)
GC Precious Log:
 CPUs: 20 total, 20 available
 Memory: 16004M
 Large Page Support: Disabled
 NUMA Support: Disabled
 Compressed Oops: Enabled (Zero based)
 Heap Region Size: 2M
 Heap Min Capacity: 8M
 Heap Initial Capacity: 252M
 Heap Max Capacity: 4002M
 Pre-touch: Disabled
 Parallel Workers: 15
 Concurrent Workers: 4
 Concurrent Refinement Workers: 15
 Periodic GC: Disabled
Heap:
 garbage-first heap   total 219136K, used 130694K [0x0000000705e00000, 0x0000000800000000)
  region size 2048K, 39 young (79872K), 7 survivors (14336K)
 Metaspace       used 64512K, committed 64832K, reserved 1114112K
  class space    used 7384K, committed 7552K, reserved 1048576K
GC Heap History (20 events):
Event: 0.789 GC heap before
{Heap before GC invocations=4 (full 0):
 garbage-first heap   total 40960K, used 28300K [0x0000000705e00000, 0x0000000800000000)
  region size 2048K, 11 young (22528K), 4 survivors (8192K)
 Metaspace       used 25548K, committed 25792K, reserved 1114112K
  class space    used 3118K, committed 3200K, reserved 1048576K
}
Event: 0.794 GC heap after
{Heap after GC invocations=5 (full 0):
 garbage-first heap   total 40960K, used 15430K [0x0000000705e00000, 0x0000000800000000)
  region size 2048K, 2 young (4096K), 2 survivors (4096K)
 Metaspace       used 25548K, committed 25792K, reserved 1114112K
  class space    used 3118K, committed 3200K, reserved 1048576K
}
Event: 0.819 GC heap before
{Heap before GC invocations=5 (full 0):
 garbage-first heap   total 40960K, used 29766K [0x0000000705e00000, 0x0000000800000000)
  region size 2048K, 8 young (16384K), 2 survivors (4096K)
 Metaspace       used 25562K, committed 25792K, reserved 1114112K
  class space    used 3118K, committed 3200K, reserved 1048576K
}
Event: 0.824 GC heap after
{Heap after GC invocations=6 (full 0):
 garbage-first heap   total 40960K, used 20876K [0x0000000705e00000, 0x0000000800000000)
  region size 2048K, 1 young (2048K), 1 survivors (2048K)
 Metaspace       used 25562K, committed 25792K, reserved 1114112K
  class space    used 3118K, committed 3200K, reserved 1048576K
}
Event: 0.844 GC heap before
{Heap before GC invocations=6 (full 0):
 garbage-first heap   total 40960K, used 27020K [0x0000000705e00000, 0x0000000800000000)
  region size 2048K, 4 young (8192K), 1 survivors (2048K)
 Metaspace       used 25998K, committed 26240K, reserved 1114112K
  class space    used 3180K, committed 3328K, reserved 1048576K
}
Event: 0.848 GC heap after
{Heap after GC invocations=7 (full 0):
 garbage-first heap   total 40960K, used 23505K [0x0000000705e00000, 0x0000000800000000)
  region size 2048K, 1 young (2048K), 1 survivors (2048K)
 Metaspace       used 25998K, committed 26240K, reserved 1114112K
  class space    used 3180K, committed 3328K, reserved 1048576K
}
Event: 0.930 GC heap before
{Heap before GC invocations=8 (full 0):
 garbage-first heap   total 45056K, used 29649K [0x0000000705e00000, 0x0000000800000000)
  region size 2048K, 4 young (8192K), 1 survivors (2048K)
 Metaspace       used 27653K, committed 27904K, reserved 1114112K
  class space    used 3574K, committed 3712K, reserved 1048576K
}
Event: 0.932 GC heap after
{Heap after GC invocations=9 (full 0):
 garbage-first heap   total 151552K, used 24006K [0x0000000705e00000, 0x0000000800000000)
  region size 2048K, 1 young (2048K), 1 survivors (2048K)
 Metaspace       used 27653K, committed 27904K, reserved 1114112K
  class space    used 3574K, committed 3712K, reserved 1048576K
}
Event: 1.589 GC heap before
{Heap before GC invocations=9 (full 0):
 garbage-first heap   total 151552K, used 97734K [0x0000000705e00000, 0x0000000800000000)
  region size 2048K, 36 young (73728K), 1 survivors (2048K)
 Metaspace       used 40552K, committed 40768K, reserved 1114112K
  class space    used 4847K, committed 4928K, reserved 1048576K
}
Event: 1.595 GC heap after
{Heap after GC invocations=10 (full 0):
 garbage-first heap   total 151552K, used 30534K [0x0000000705e00000, 0x0000000800000000)
  region size 2048K, 5 young (10240K), 5 survivors (10240K)
 Metaspace       used 40552K, committed 40768K, reserved 1114112K
  class space    used 4847K, committed 4928K, reserved 1048576K
}
Event: 1.859 GC heap before
{Heap before GC invocations=10 (full 0):
 garbage-first heap   total 151552K, used 46918K [0x0000000705e00000, 0x0000000800000000)
  region size 2048K, 14 young (28672K), 5 survivors (10240K)
 Metaspace       used 43671K, committed 43840K, reserved 1114112K
  class space    used 5211K, committed 5312K, reserved 1048576K
}
Event: 1.864 GC heap after
{Heap after GC invocations=11 (full 0):
 garbage-first heap   total 151552K, used 34020K [0x0000000705e00000, 0x0000000800000000)
  region size 2048K, 2 young (4096K), 2 survivors (4096K)
 Metaspace       used 43671K, committed 43840K, reserved 1114112K
  class space    used 5211K, committed 5312K, reserved 1048576K
}
Event: 2.412 GC heap before
{Heap before GC invocations=12 (full 0):
 garbage-first heap   total 122880K, used 97508K [0x0000000705e00000, 0x0000000800000000)
  region size 2048K, 33 young (67584K), 2 survivors (4096K)
 Metaspace       used 49926K, committed 50240K, reserved 1114112K
  class space    used 5973K, committed 6144K, reserved 1048576K
}
Event: 2.420 GC heap after
{Heap after GC invocations=13 (full 0):
 garbage-first heap   total 122880K, used 41915K [0x0000000705e00000, 0x0000000800000000)
  region size 2048K, 5 young (10240K), 5 survivors (10240K)
 Metaspace       used 49926K, committed 50240K, reserved 1114112K
  class space    used 5973K, committed 6144K, reserved 1048576K
}
Event: 2.457 GC heap before
{Heap before GC invocations=13 (full 0):
 garbage-first heap   total 122880K, used 43963K [0x0000000705e00000, 0x0000000800000000)
  region size 2048K, 6 young (12288K), 5 survivors (10240K)
 Metaspace       used 50128K, committed 50432K, reserved 1114112K
  class space    used 5982K, committed 6144K, reserved 1048576K
}
Event: 2.467 GC heap after
{Heap after GC invocations=14 (full 0):
 garbage-first heap   total 122880K, used 42066K [0x0000000705e00000, 0x0000000800000000)
  region size 2048K, 1 young (2048K), 1 survivors (2048K)
 Metaspace       used 50128K, committed 50432K, reserved 1114112K
  class space    used 5982K, committed 6144K, reserved 1048576K
}
Event: 2.782 GC heap before
{Heap before GC invocations=14 (full 0):
 garbage-first heap   total 122880K, used 87122K [0x0000000705e00000, 0x0000000800000000)
  region size 2048K, 23 young (47104K), 1 survivors (2048K)
 Metaspace       used 51573K, committed 51904K, reserved 1114112K
  class space    used 6114K, committed 6272K, reserved 1048576K
}
Event: 2.792 GC heap after
{Heap after GC invocations=15 (full 0):
 garbage-first heap   total 219136K, used 51141K [0x0000000705e00000, 0x0000000800000000)
  region size 2048K, 3 young (6144K), 3 survivors (6144K)
 Metaspace       used 51573K, committed 51904K, reserved 1114112K
  class space    used 6114K, committed 6272K, reserved 1048576K
}
Event: 4.530 GC heap before
{Heap before GC invocations=15 (full 0):
 garbage-first heap   total 219136K, used 151493K [0x0000000705e00000, 0x0000000800000000)
  region size 2048K, 51 young (104448K), 3 survivors (6144K)
 Metaspace       used 63005K, committed 63360K, reserved 1114112K
  class space    used 7318K, committed 7488K, reserved 1048576K
}
Event: 4.539 GC heap after
{Heap after GC invocations=16 (full 0):
 garbage-first heap   total 219136K, used 67206K [0x0000000705e00000, 0x0000000800000000)
  region size 2048K, 7 young (14336K), 7 survivors (14336K)
 Metaspace       used 63005K, committed 63360K, reserved 1114112K
  class space    used 7318K, committed 7488K, reserved 1048576K
}

