# JRE version: OpenJDK Runtime Environment (17.0.10) (build 17.0.10+0--11609105)
# Java VM: OpenJDK 64-Bit Server VM (17.0.10+0--11609105, mixed mode, tiered, compressed oops, compressed class ptrs, g1 gc, windows-amd64)
GC Precious Log:
 CPUs: 20 total, 20 available
 Memory: 16004M
 Large Page Support: Disabled
 NUMA Support: Disabled
 Compressed Oops: Enabled (32-bit)
 Heap Region Size: 1M
 Heap Min Capacity: 8M
 Heap Initial Capacity: 252M
 Heap Max Capacity: 2G
 Pre-touch: Disabled
 Parallel Workers: 15
 Concurrent Workers: 4
 Concurrent Refinement Workers: 15
 Periodic GC: Disabled
Heap:
 garbage-first heap   total 98304K, used 54396K [0x0000000080000000, 0x0000000100000000)
  region size 1024K, 3 young (3072K), 3 survivors (3072K)
 Metaspace       used 55222K, committed 55744K, reserved 1114112K
  class space    used 7510K, committed 7744K, reserved 1048576K
GC Heap History (20 events):
Event: 1.883 GC heap after
{Heap after GC invocations=7 (full 0):
 garbage-first heap   total 71680K, used 22209K [0x0000000080000000, 0x0000000100000000)
  region size 1024K, 2 young (2048K), 2 survivors (2048K)
 Metaspace       used 30526K, committed 30848K, reserved 1114112K
  class space    used 4074K, committed 4224K, reserved 1048576K
}
Event: 2.176 GC heap before
{Heap before GC invocations=7 (full 0):
 garbage-first heap   total 71680K, used 52929K [0x0000000080000000, 0x0000000100000000)
  region size 1024K, 32 young (32768K), 2 survivors (2048K)
 Metaspace       used 34324K, committed 34688K, reserved 1114112K
  class space    used 4687K, committed 4864K, reserved 1048576K
}
Event: 2.178 GC heap after
{Heap after GC invocations=8 (full 0):
 garbage-first heap   total 71680K, used 23570K [0x0000000080000000, 0x0000000100000000)
  region size 1024K, 4 young (4096K), 4 survivors (4096K)
 Metaspace       used 34324K, committed 34688K, reserved 1114112K
  class space    used 4687K, committed 4864K, reserved 1048576K
}
Event: 2.249 GC heap before
{Heap before GC invocations=8 (full 0):
 garbage-first heap   total 71680K, used 30738K [0x0000000080000000, 0x0000000100000000)
  region size 1024K, 12 young (12288K), 4 survivors (4096K)
 Metaspace       used 35737K, committed 35968K, reserved 1114112K
  class space    used 4880K, committed 4992K, reserved 1048576K
}
Event: 2.251 GC heap after
{Heap after GC invocations=9 (full 0):
 garbage-first heap   total 71680K, used 23867K [0x0000000080000000, 0x0000000100000000)
  region size 1024K, 2 young (2048K), 2 survivors (2048K)
 Metaspace       used 35737K, committed 35968K, reserved 1114112K
  class space    used 4880K, committed 4992K, reserved 1048576K
}
Event: 2.533 GC heap before
{Heap before GC invocations=10 (full 0):
 garbage-first heap   total 71680K, used 54587K [0x0000000080000000, 0x0000000100000000)
  region size 1024K, 33 young (33792K), 2 survivors (2048K)
 Metaspace       used 41479K, committed 41856K, reserved 1114112K
  class space    used 5482K, committed 5696K, reserved 1048576K
}
Event: 2.537 GC heap after
{Heap after GC invocations=11 (full 0):
 garbage-first heap   total 98304K, used 28120K [0x0000000080000000, 0x0000000100000000)
  region size 1024K, 5 young (5120K), 5 survivors (5120K)
 Metaspace       used 41479K, committed 41856K, reserved 1114112K
  class space    used 5482K, committed 5696K, reserved 1048576K
}
Event: 2.539 GC heap before
{Heap before GC invocations=11 (full 0):
 garbage-first heap   total 98304K, used 29144K [0x0000000080000000, 0x0000000100000000)
  region size 1024K, 6 young (6144K), 5 survivors (5120K)
 Metaspace       used 41479K, committed 41856K, reserved 1114112K
  class space    used 5482K, committed 5696K, reserved 1048576K
}
Event: 2.541 GC heap after
{Heap after GC invocations=12 (full 0):
 garbage-first heap   total 98304K, used 28244K [0x0000000080000000, 0x0000000100000000)
  region size 1024K, 1 young (1024K), 1 survivors (1024K)
 Metaspace       used 41479K, committed 41856K, reserved 1114112K
  class space    used 5482K, committed 5696K, reserved 1048576K
}
Event: 2.958 GC heap before
{Heap before GC invocations=12 (full 0):
 garbage-first heap   total 98304K, used 73300K [0x0000000080000000, 0x0000000100000000)
  region size 1024K, 45 young (46080K), 1 survivors (1024K)
 Metaspace       used 44807K, committed 45184K, reserved 1114112K
  class space    used 6018K, committed 6208K, reserved 1048576K
}
Event: 2.961 GC heap after
{Heap after GC invocations=13 (full 0):
 garbage-first heap   total 98304K, used 31203K [0x0000000080000000, 0x0000000100000000)
  region size 1024K, 4 young (4096K), 4 survivors (4096K)
 Metaspace       used 44807K, committed 45184K, reserved 1114112K
  class space    used 6018K, committed 6208K, reserved 1048576K
}
Event: 3.370 GC heap before
{Heap before GC invocations=13 (full 0):
 garbage-first heap   total 98304K, used 75235K [0x0000000080000000, 0x0000000100000000)
  region size 1024K, 46 young (47104K), 4 survivors (4096K)
 Metaspace       used 50627K, committed 51072K, reserved 1114112K
  class space    used 6881K, committed 7104K, reserved 1048576K
}
Event: 3.373 GC heap after
{Heap after GC invocations=14 (full 0):
 garbage-first heap   total 98304K, used 33575K [0x0000000080000000, 0x0000000100000000)
  region size 1024K, 3 young (3072K), 3 survivors (3072K)
 Metaspace       used 50627K, committed 51072K, reserved 1114112K
  class space    used 6881K, committed 7104K, reserved 1048576K
}
Event: 3.811 GC heap before
{Heap before GC invocations=14 (full 0):
 garbage-first heap   total 98304K, used 75559K [0x0000000080000000, 0x0000000100000000)
  region size 1024K, 45 young (46080K), 3 survivors (3072K)
 Metaspace       used 54056K, committed 54464K, reserved 1114112K
  class space    used 7333K, committed 7552K, reserved 1048576K
}
Event: 3.813 GC heap after
{Heap after GC invocations=15 (full 0):
 garbage-first heap   total 98304K, used 38359K [0x0000000080000000, 0x0000000100000000)
  region size 1024K, 6 young (6144K), 6 survivors (6144K)
 Metaspace       used 54056K, committed 54464K, reserved 1114112K
  class space    used 7333K, committed 7552K, reserved 1048576K
}
Event: 3.946 GC heap before
{Heap before GC invocations=15 (full 0):
 garbage-first heap   total 98304K, used 76247K [0x0000000080000000, 0x0000000100000000)
  region size 1024K, 44 young (45056K), 6 survivors (6144K)
 Metaspace       used 54833K, committed 55296K, reserved 1114112K
  class space    used 7461K, committed 7680K, reserved 1048576K
}
Event: 3.948 GC heap after
{Heap after GC invocations=16 (full 0):
 garbage-first heap   total 98304K, used 42323K [0x0000000080000000, 0x0000000100000000)
  region size 1024K, 4 young (4096K), 4 survivors (4096K)
 Metaspace       used 54833K, committed 55296K, reserved 1114112K
  class space    used 7461K, committed 7680K, reserved 1048576K
}
Event: 4.059 GC heap before
{Heap before GC invocations=16 (full 0):
 garbage-first heap   total 98304K, used 63827K [0x0000000080000000, 0x0000000100000000)
  region size 1024K, 21 young (21504K), 4 survivors (4096K)
 Metaspace       used 55222K, committed 55744K, reserved 1114112K
  class space    used 7510K, committed 7744K, reserved 1048576K
}
Event: 4.062 GC heap after
{Heap after GC invocations=17 (full 0):
 garbage-first heap   total 98304K, used 51182K [0x0000000080000000, 0x0000000100000000)
  region size 1024K, 5 young (5120K), 5 survivors (5120K)
 Metaspace       used 55222K, committed 55744K, reserved 1114112K
  class space    used 7510K, committed 7744K, reserved 1048576K
}
Event: 4.082 GC heap before
{Heap before GC invocations=18 (full 0):
 garbage-first heap   total 98304K, used 54254K [0x0000000080000000, 0x0000000100000000)
  region size 1024K, 9 young (9216K), 5 survivors (5120K)
 Metaspace       used 55222K, committed 55744K, reserved 1114112K
  class space    used 7510K, committed 7744K, reserved 1048576K
}

