# JRE version: OpenJDK Runtime Environment (17.0.10) (build 17.0.10+0--11609105)
# Java VM: OpenJDK 64-Bit Server VM (17.0.10+0--11609105, mixed mode, tiered, compressed oops, compressed class ptrs, g1 gc, windows-amd64)
GC Precious Log:
 CPUs: 20 total, 20 available
 Memory: 16004M
 Large Page Support: Disabled
 NUMA Support: Disabled
 Compressed Oops: Enabled (Zero based)
 Heap Region Size: 2M
 Heap Min Capacity: 8M
 Heap Initial Capacity: 252M
 Heap Max Capacity: 4002M
 Pre-touch: Disabled
 Parallel Workers: 15
 Concurrent Workers: 4
 Concurrent Refinement Workers: 15
 Periodic GC: Disabled
Heap:
 garbage-first heap   total 165888K, used 102164K [0x0000000705e00000, 0x0000000800000000)
  region size 2048K, 18 young (36864K), 4 survivors (8192K)
 Metaspace       used 65260K, committed 65600K, reserved 1114112K
  class space    used 7360K, committed 7552K, reserved 1048576K
GC Heap History (20 events):
Event: 1.315 GC heap before
{Heap before GC invocations=5 (full 0):
 garbage-first heap   total 45056K, used 29346K [0x0000000705e00000, 0x0000000800000000)
  region size 2048K, 7 young (14336K), 2 survivors (4096K)
 Metaspace       used 28744K, committed 28992K, reserved 1114112K
  class space    used 3682K, committed 3776K, reserved 1048576K
}
Event: 1.320 GC heap after
{Heap after GC invocations=6 (full 0):
 garbage-first heap   total 45056K, used 20395K [0x0000000705e00000, 0x0000000800000000)
  region size 2048K, 1 young (2048K), 1 survivors (2048K)
 Metaspace       used 28744K, committed 28992K, reserved 1114112K
  class space    used 3682K, committed 3776K, reserved 1048576K
}
Event: 1.448 GC heap before
{Heap before GC invocations=6 (full 0):
 garbage-first heap   total 45056K, used 30635K [0x0000000705e00000, 0x0000000800000000)
  region size 2048K, 6 young (12288K), 1 survivors (2048K)
 Metaspace       used 30210K, committed 30464K, reserved 1114112K
  class space    used 3832K, committed 3968K, reserved 1048576K
}
Event: 1.451 GC heap after
{Heap after GC invocations=7 (full 0):
 garbage-first heap   total 45056K, used 19189K [0x0000000705e00000, 0x0000000800000000)
  region size 2048K, 1 young (2048K), 1 survivors (2048K)
 Metaspace       used 30210K, committed 30464K, reserved 1114112K
  class space    used 3832K, committed 3968K, reserved 1048576K
}
Event: 1.569 GC heap before
{Heap before GC invocations=8 (full 0):
 garbage-first heap   total 45056K, used 29429K [0x0000000705e00000, 0x0000000800000000)
  region size 2048K, 6 young (12288K), 1 survivors (2048K)
 Metaspace       used 32293K, committed 32448K, reserved 1114112K
  class space    used 4078K, committed 4160K, reserved 1048576K
}
Event: 1.573 GC heap after
{Heap after GC invocations=9 (full 0):
 garbage-first heap   total 151552K, used 20374K [0x0000000705e00000, 0x0000000800000000)
  region size 2048K, 1 young (2048K), 1 survivors (2048K)
 Metaspace       used 32293K, committed 32448K, reserved 1114112K
  class space    used 4078K, committed 4160K, reserved 1048576K
}
Event: 2.592 GC heap before
{Heap before GC invocations=9 (full 0):
 garbage-first heap   total 151552K, used 92054K [0x0000000705e00000, 0x0000000800000000)
  region size 2048K, 36 young (73728K), 1 survivors (2048K)
 Metaspace       used 42412K, committed 42624K, reserved 1114112K
  class space    used 5095K, committed 5184K, reserved 1048576K
}
Event: 2.599 GC heap after
{Heap after GC invocations=10 (full 0):
 garbage-first heap   total 151552K, used 27055K [0x0000000705e00000, 0x0000000800000000)
  region size 2048K, 4 young (8192K), 4 survivors (8192K)
 Metaspace       used 42412K, committed 42624K, reserved 1114112K
  class space    used 5095K, committed 5184K, reserved 1048576K
}
Event: 3.837 GC heap before
{Heap before GC invocations=10 (full 0):
 garbage-first heap   total 151552K, used 86447K [0x0000000705e00000, 0x0000000800000000)
  region size 2048K, 33 young (67584K), 4 survivors (8192K)
 Metaspace       used 50868K, committed 51008K, reserved 1114112K
  class space    used 6012K, committed 6080K, reserved 1048576K
}
Event: 3.849 GC heap after
{Heap after GC invocations=11 (full 0):
 garbage-first heap   total 151552K, used 36798K [0x0000000705e00000, 0x0000000800000000)
  region size 2048K, 4 young (8192K), 4 survivors (8192K)
 Metaspace       used 50868K, committed 51008K, reserved 1114112K
  class space    used 6012K, committed 6080K, reserved 1048576K
}
Event: 5.330 GC heap before
{Heap before GC invocations=12 (full 0):
 garbage-first heap   total 137216K, used 106430K [0x0000000705e00000, 0x0000000800000000)
  region size 2048K, 38 young (77824K), 4 survivors (8192K)
 Metaspace       used 55313K, committed 55616K, reserved 1114112K
  class space    used 6457K, committed 6592K, reserved 1048576K
}
Event: 5.351 GC heap after
{Heap after GC invocations=13 (full 0):
 garbage-first heap   total 137216K, used 50371K [0x0000000705e00000, 0x0000000800000000)
  region size 2048K, 5 young (10240K), 5 survivors (10240K)
 Metaspace       used 55313K, committed 55616K, reserved 1114112K
  class space    used 6457K, committed 6592K, reserved 1048576K
}
Event: 6.134 GC heap before
{Heap before GC invocations=13 (full 0):
 garbage-first heap   total 137216K, used 95427K [0x0000000705e00000, 0x0000000800000000)
  region size 2048K, 27 young (55296K), 5 survivors (10240K)
 Metaspace       used 57027K, committed 57280K, reserved 1114112K
  class space    used 6653K, committed 6784K, reserved 1048576K
}
Event: 6.156 GC heap after
{Heap after GC invocations=14 (full 0):
 garbage-first heap   total 137216K, used 59492K [0x0000000705e00000, 0x0000000800000000)
  region size 2048K, 4 young (8192K), 4 survivors (8192K)
 Metaspace       used 57027K, committed 57280K, reserved 1114112K
  class space    used 6653K, committed 6784K, reserved 1048576K
}
Event: 7.116 GC heap before
{Heap before GC invocations=14 (full 0):
 garbage-first heap   total 137216K, used 100452K [0x0000000705e00000, 0x0000000800000000)
  region size 2048K, 24 young (49152K), 4 survivors (8192K)
 Metaspace       used 59175K, committed 59392K, reserved 1114112K
  class space    used 6809K, committed 6912K, reserved 1048576K
}
Event: 7.131 GC heap after
{Heap after GC invocations=15 (full 0):
 garbage-first heap   total 137216K, used 63520K [0x0000000705e00000, 0x0000000800000000)
  region size 2048K, 2 young (4096K), 2 survivors (4096K)
 Metaspace       used 59175K, committed 59392K, reserved 1114112K
  class space    used 6809K, committed 6912K, reserved 1048576K
}
Event: 7.914 GC heap before
{Heap before GC invocations=15 (full 0):
 garbage-first heap   total 137216K, used 92192K [0x0000000705e00000, 0x0000000800000000)
  region size 2048K, 17 young (34816K), 2 survivors (4096K)
 Metaspace       used 62788K, committed 63104K, reserved 1114112K
  class space    used 7239K, committed 7424K, reserved 1048576K
}
Event: 7.921 GC heap after
{Heap after GC invocations=16 (full 0):
 garbage-first heap   total 165888K, used 67347K [0x0000000705e00000, 0x0000000800000000)
  region size 2048K, 2 young (4096K), 2 survivors (4096K)
 Metaspace       used 62788K, committed 63104K, reserved 1114112K
  class space    used 7239K, committed 7424K, reserved 1048576K
}
Event: 11.276 GC heap before
{Heap before GC invocations=16 (full 0):
 garbage-first heap   total 165888K, used 124691K [0x0000000705e00000, 0x0000000800000000)
  region size 2048K, 29 young (59392K), 2 survivors (4096K)
 Metaspace       used 64661K, committed 65024K, reserved 1114112K
  class space    used 7318K, committed 7488K, reserved 1048576K
}
Event: 11.292 GC heap after
{Heap after GC invocations=17 (full 0):
 garbage-first heap   total 165888K, used 75540K [0x0000000705e00000, 0x0000000800000000)
  region size 2048K, 4 young (8192K), 4 survivors (8192K)
 Metaspace       used 64661K, committed 65024K, reserved 1114112K
  class space    used 7318K, committed 7488K, reserved 1048576K
}

