# JRE version: OpenJDK Runtime Environment (17.0.10) (build 17.0.10+0--11609105)
# Java VM: OpenJDK 64-Bit Server VM (17.0.10+0--11609105, mixed mode, tiered, compressed oops, compressed class ptrs, g1 gc, windows-amd64)
GC Precious Log:
 CPUs: 20 total, 20 available
 Memory: 16004M
 Large Page Support: Disabled
 NUMA Support: Disabled
 Compressed Oops: Enabled (32-bit)
 Heap Region Size: 1M
 Heap Min Capacity: 8M
 Heap Initial Capacity: 252M
 Heap Max Capacity: 1536M
 Pre-touch: Disabled
 Parallel Workers: 15
 Concurrent Workers: 4
 Concurrent Refinement Workers: 15
 Periodic GC: Disabled
Heap:
 garbage-first heap   total 114688K, used 32092K [0x00000000a0000000, 0x0000000100000000)
  region size 1024K, 9 young (9216K), 7 survivors (7168K)
 Metaspace       used 46522K, committed 46976K, reserved 1114112K
  class space    used 6306K, committed 6528K, reserved 1048576K
GC Heap History (20 events):
Event: 0.435 GC heap before
{Heap before GC invocations=0 (full 0):
 garbage-first heap   total 258048K, used 26624K [0x00000000a0000000, 0x0000000100000000)
  region size 1024K, 23 young (23552K), 0 survivors (0K)
 Metaspace       used 10368K, committed 10496K, reserved 1114112K
  class space    used 1053K, committed 1088K, reserved 1048576K
}
Event: 0.437 GC heap after
{Heap after GC invocations=1 (full 0):
 garbage-first heap   total 258048K, used 10964K [0x00000000a0000000, 0x0000000100000000)
  region size 1024K, 3 young (3072K), 3 survivors (3072K)
 Metaspace       used 10368K, committed 10496K, reserved 1114112K
  class space    used 1053K, committed 1088K, reserved 1048576K
}
Event: 0.688 GC heap before
{Heap before GC invocations=1 (full 0):
 garbage-first heap   total 258048K, used 39636K [0x00000000a0000000, 0x0000000100000000)
  region size 1024K, 31 young (31744K), 3 survivors (3072K)
 Metaspace       used 11536K, committed 11712K, reserved 1114112K
  class space    used 1196K, committed 1280K, reserved 1048576K
}
Event: 0.690 GC heap after
{Heap after GC invocations=2 (full 0):
 garbage-first heap   total 258048K, used 11405K [0x00000000a0000000, 0x0000000100000000)
  region size 1024K, 1 young (1024K), 1 survivors (1024K)
 Metaspace       used 11536K, committed 11712K, reserved 1114112K
  class space    used 1196K, committed 1280K, reserved 1048576K
}
Event: 1.432 GC heap before
{Heap before GC invocations=2 (full 0):
 garbage-first heap   total 258048K, used 64653K [0x00000000a0000000, 0x0000000100000000)
  region size 1024K, 53 young (54272K), 1 survivors (1024K)
 Metaspace       used 21312K, committed 21504K, reserved 1114112K
  class space    used 2506K, committed 2624K, reserved 1048576K
}
Event: 1.437 GC heap after
{Heap after GC invocations=3 (full 0):
 garbage-first heap   total 258048K, used 18720K [0x00000000a0000000, 0x0000000100000000)
  region size 1024K, 9 young (9216K), 9 survivors (9216K)
 Metaspace       used 21312K, committed 21504K, reserved 1114112K
  class space    used 2506K, committed 2624K, reserved 1048576K
}
Event: 1.824 GC heap before
{Heap before GC invocations=4 (full 0):
 garbage-first heap   total 71680K, used 51488K [0x00000000a0000000, 0x0000000100000000)
  region size 1024K, 42 young (43008K), 9 survivors (9216K)
 Metaspace       used 26192K, committed 26496K, reserved 1114112K
  class space    used 3340K, committed 3520K, reserved 1048576K
}
Event: 1.828 GC heap after
{Heap after GC invocations=5 (full 0):
 garbage-first heap   total 71680K, used 20601K [0x00000000a0000000, 0x0000000100000000)
  region size 1024K, 2 young (2048K), 2 survivors (2048K)
 Metaspace       used 26192K, committed 26496K, reserved 1114112K
  class space    used 3340K, committed 3520K, reserved 1048576K
}
Event: 1.842 GC heap before
{Heap before GC invocations=5 (full 0):
 garbage-first heap   total 71680K, used 20601K [0x00000000a0000000, 0x0000000100000000)
  region size 1024K, 3 young (3072K), 2 survivors (2048K)
 Metaspace       used 26299K, committed 26624K, reserved 1114112K
  class space    used 3366K, committed 3520K, reserved 1048576K
}
Event: 1.844 GC heap after
{Heap after GC invocations=6 (full 0):
 garbage-first heap   total 71680K, used 20734K [0x00000000a0000000, 0x0000000100000000)
  region size 1024K, 1 young (1024K), 1 survivors (1024K)
 Metaspace       used 26299K, committed 26624K, reserved 1114112K
  class space    used 3366K, committed 3520K, reserved 1048576K
}
Event: 2.180 GC heap before
{Heap before GC invocations=6 (full 0):
 garbage-first heap   total 71680K, used 50430K [0x00000000a0000000, 0x0000000100000000)
  region size 1024K, 30 young (30720K), 1 survivors (1024K)
 Metaspace       used 30253K, committed 30528K, reserved 1114112K
  class space    used 4019K, committed 4160K, reserved 1048576K
}
Event: 2.181 GC heap after
{Heap after GC invocations=7 (full 0):
 garbage-first heap   total 71680K, used 22260K [0x00000000a0000000, 0x0000000100000000)
  region size 1024K, 2 young (2048K), 2 survivors (2048K)
 Metaspace       used 30253K, committed 30528K, reserved 1114112K
  class space    used 4019K, committed 4160K, reserved 1048576K
}
Event: 2.487 GC heap before
{Heap before GC invocations=7 (full 0):
 garbage-first heap   total 71680K, used 52980K [0x00000000a0000000, 0x0000000100000000)
  region size 1024K, 32 young (32768K), 2 survivors (2048K)
 Metaspace       used 34100K, committed 34432K, reserved 1114112K
  class space    used 4649K, committed 4800K, reserved 1048576K
}
Event: 2.489 GC heap after
{Heap after GC invocations=8 (full 0):
 garbage-first heap   total 71680K, used 23620K [0x00000000a0000000, 0x0000000100000000)
  region size 1024K, 4 young (4096K), 4 survivors (4096K)
 Metaspace       used 34100K, committed 34432K, reserved 1114112K
  class space    used 4649K, committed 4800K, reserved 1048576K
}
Event: 2.609 GC heap before
{Heap before GC invocations=8 (full 0):
 garbage-first heap   total 71680K, used 32836K [0x00000000a0000000, 0x0000000100000000)
  region size 1024K, 14 young (14336K), 4 survivors (4096K)
 Metaspace       used 35692K, committed 35968K, reserved 1114112K
  class space    used 4872K, committed 4992K, reserved 1048576K
}
Event: 2.611 GC heap after
{Heap after GC invocations=9 (full 0):
 garbage-first heap   total 71680K, used 23935K [0x00000000a0000000, 0x0000000100000000)
  region size 1024K, 2 young (2048K), 2 survivors (2048K)
 Metaspace       used 35692K, committed 35968K, reserved 1114112K
  class space    used 4872K, committed 4992K, reserved 1048576K
}
Event: 3.122 GC heap before
{Heap before GC invocations=10 (full 0):
 garbage-first heap   total 71680K, used 54655K [0x00000000a0000000, 0x0000000100000000)
  region size 1024K, 33 young (33792K), 2 survivors (2048K)
 Metaspace       used 41483K, committed 41856K, reserved 1114112K
  class space    used 5475K, committed 5632K, reserved 1048576K
}
Event: 3.125 GC heap after
{Heap after GC invocations=11 (full 0):
 garbage-first heap   total 114688K, used 28120K [0x00000000a0000000, 0x0000000100000000)
  region size 1024K, 5 young (5120K), 5 survivors (5120K)
 Metaspace       used 41483K, committed 41856K, reserved 1114112K
  class space    used 5475K, committed 5632K, reserved 1048576K
}
Event: 3.609 GC heap before
{Heap before GC invocations=11 (full 0):
 garbage-first heap   total 114688K, used 86488K [0x00000000a0000000, 0x0000000100000000)
  region size 1024K, 62 young (63488K), 5 survivors (5120K)
 Metaspace       used 46339K, committed 46720K, reserved 1114112K
  class space    used 6281K, committed 6464K, reserved 1048576K
}
Event: 3.613 GC heap after
{Heap after GC invocations=12 (full 0):
 garbage-first heap   total 114688K, used 31068K [0x00000000a0000000, 0x0000000100000000)
  region size 1024K, 7 young (7168K), 7 survivors (7168K)
 Metaspace       used 46339K, committed 46720K, reserved 1114112K
  class space    used 6281K, committed 6464K, reserved 1048576K
}

