# JRE version: OpenJDK Runtime Environment (17.0.10) (build 17.0.10+0--11609105)
# Java VM: OpenJDK 64-Bit Server VM (17.0.10+0--11609105, mixed mode, tiered, compressed oops, compressed class ptrs, g1 gc, windows-amd64)
GC Precious Log:
 CPUs: 20 total, 20 available
 Memory: 16004M
 Large Page Support: Disabled
 NUMA Support: Disabled
 Compressed Oops: Enabled (32-bit)
 Heap Region Size: 1M
 Heap Min Capacity: 8M
 Heap Initial Capacity: 252M
 Heap Max Capacity: 2G
 Pre-touch: Disabled
 Parallel Workers: 15
 Concurrent Workers: 4
 Concurrent Refinement Workers: 15
 Periodic GC: Disabled
Heap:
 garbage-first heap   total 91136K, used 64266K [0x0000000080000000, 0x0000000100000000)
  region size 1024K, 1 young (1024K), 1 survivors (1024K)
 Metaspace       used 56828K, committed 57408K, reserved 1114112K
  class space    used 7741K, committed 8000K, reserved 1048576K
GC Heap History (20 events):
Event: 2.049 GC heap after
{Heap after GC invocations=8 (full 0):
 garbage-first heap   total 71680K, used 23872K [0x0000000080000000, 0x0000000100000000)
  region size 1024K, 2 young (2048K), 2 survivors (2048K)
 Metaspace       used 35733K, committed 35968K, reserved 1114112K
  class space    used 4878K, committed 4992K, reserved 1048576K
}
Event: 2.293 GC heap before
{Heap before GC invocations=9 (full 0):
 garbage-first heap   total 71680K, used 53568K [0x0000000080000000, 0x0000000100000000)
  region size 1024K, 32 young (32768K), 2 survivors (2048K)
 Metaspace       used 41485K, committed 41792K, reserved 1114112K
  class space    used 5478K, committed 5632K, reserved 1048576K
}
Event: 2.296 GC heap after
{Heap after GC invocations=10 (full 0):
 garbage-first heap   total 71680K, used 27600K [0x0000000080000000, 0x0000000100000000)
  region size 1024K, 4 young (4096K), 4 survivors (4096K)
 Metaspace       used 41485K, committed 41792K, reserved 1114112K
  class space    used 5478K, committed 5632K, reserved 1048576K
}
Event: 2.452 GC heap before
{Heap before GC invocations=10 (full 0):
 garbage-first heap   total 71680K, used 55248K [0x0000000080000000, 0x0000000100000000)
  region size 1024K, 31 young (31744K), 4 survivors (4096K)
 Metaspace       used 42585K, committed 42944K, reserved 1114112K
  class space    used 5655K, committed 5824K, reserved 1048576K
}
Event: 2.455 GC heap after
{Heap after GC invocations=11 (full 0):
 garbage-first heap   total 71680K, used 29637K [0x0000000080000000, 0x0000000100000000)
  region size 1024K, 2 young (2048K), 2 survivors (2048K)
 Metaspace       used 42585K, committed 42944K, reserved 1114112K
  class space    used 5655K, committed 5824K, reserved 1048576K
}
Event: 2.743 GC heap before
{Heap before GC invocations=11 (full 0):
 garbage-first heap   total 71680K, used 55237K [0x0000000080000000, 0x0000000100000000)
  region size 1024K, 28 young (28672K), 2 survivors (2048K)
 Metaspace       used 45696K, committed 46144K, reserved 1114112K
  class space    used 6174K, committed 6336K, reserved 1048576K
}
Event: 2.745 GC heap after
{Heap after GC invocations=12 (full 0):
 garbage-first heap   total 88064K, used 31653K [0x0000000080000000, 0x0000000100000000)
  region size 1024K, 4 young (4096K), 4 survivors (4096K)
 Metaspace       used 45696K, committed 46144K, reserved 1114112K
  class space    used 6174K, committed 6336K, reserved 1048576K
}
Event: 3.121 GC heap before
{Heap before GC invocations=12 (full 0):
 garbage-first heap   total 88064K, used 70565K [0x0000000080000000, 0x0000000100000000)
  region size 1024K, 40 young (40960K), 4 survivors (4096K)
 Metaspace       used 50796K, committed 51328K, reserved 1114112K
  class space    used 6902K, committed 7168K, reserved 1048576K
}
Event: 3.122 GC heap after
{Heap after GC invocations=13 (full 0):
 garbage-first heap   total 88064K, used 33470K [0x0000000080000000, 0x0000000100000000)
  region size 1024K, 4 young (4096K), 4 survivors (4096K)
 Metaspace       used 50796K, committed 51328K, reserved 1114112K
  class space    used 6902K, committed 7168K, reserved 1048576K
}
Event: 3.598 GC heap before
{Heap before GC invocations=13 (full 0):
 garbage-first heap   total 88064K, used 69310K [0x0000000080000000, 0x0000000100000000)
  region size 1024K, 39 young (39936K), 4 survivors (4096K)
 Metaspace       used 54000K, committed 54464K, reserved 1114112K
  class space    used 7323K, committed 7552K, reserved 1048576K
}
Event: 3.600 GC heap after
{Heap after GC invocations=14 (full 0):
 garbage-first heap   total 88064K, used 37066K [0x0000000080000000, 0x0000000100000000)
  region size 1024K, 5 young (5120K), 5 survivors (5120K)
 Metaspace       used 54000K, committed 54464K, reserved 1114112K
  class space    used 7323K, committed 7552K, reserved 1048576K
}
Event: 3.719 GC heap before
{Heap before GC invocations=14 (full 0):
 garbage-first heap   total 88064K, used 67786K [0x0000000080000000, 0x0000000100000000)
  region size 1024K, 36 young (36864K), 5 survivors (5120K)
 Metaspace       used 54763K, committed 55296K, reserved 1114112K
  class space    used 7467K, committed 7744K, reserved 1048576K
}
Event: 3.721 GC heap after
{Heap after GC invocations=15 (full 0):
 garbage-first heap   total 88064K, used 41602K [0x0000000080000000, 0x0000000100000000)
  region size 1024K, 5 young (5120K), 5 survivors (5120K)
 Metaspace       used 54763K, committed 55296K, reserved 1114112K
  class space    used 7467K, committed 7744K, reserved 1048576K
}
Event: 3.835 GC heap before
{Heap before GC invocations=15 (full 0):
 garbage-first heap   total 88064K, used 65154K [0x0000000080000000, 0x0000000100000000)
  region size 1024K, 30 young (30720K), 5 survivors (5120K)
 Metaspace       used 55160K, committed 55680K, reserved 1114112K
  class space    used 7506K, committed 7744K, reserved 1048576K
}
Event: 3.837 GC heap after
{Heap after GC invocations=16 (full 0):
 garbage-first heap   total 88064K, used 42703K [0x0000000080000000, 0x0000000100000000)
  region size 1024K, 4 young (4096K), 4 survivors (4096K)
 Metaspace       used 55160K, committed 55680K, reserved 1114112K
  class space    used 7506K, committed 7744K, reserved 1048576K
}
Event: 3.974 GC heap before
{Heap before GC invocations=17 (full 0):
 garbage-first heap   total 88064K, used 76495K [0x0000000080000000, 0x0000000100000000)
  region size 1024K, 25 young (25600K), 4 survivors (4096K)
 Metaspace       used 56086K, committed 56576K, reserved 1114112K
  class space    used 7664K, committed 7936K, reserved 1048576K
}
Event: 3.977 GC heap after
{Heap after GC invocations=18 (full 0):
 garbage-first heap   total 91136K, used 63208K [0x0000000080000000, 0x0000000100000000)
  region size 1024K, 4 young (4096K), 4 survivors (4096K)
 Metaspace       used 56086K, committed 56576K, reserved 1114112K
  class space    used 7664K, committed 7936K, reserved 1048576K
}
Event: 3.986 GC heap before
{Heap before GC invocations=18 (full 0):
 garbage-first heap   total 91136K, used 64232K [0x0000000080000000, 0x0000000100000000)
  region size 1024K, 5 young (5120K), 4 survivors (4096K)
 Metaspace       used 56141K, committed 56640K, reserved 1114112K
  class space    used 7675K, committed 7936K, reserved 1048576K
}
Event: 3.989 GC heap after
{Heap after GC invocations=19 (full 0):
 garbage-first heap   total 91136K, used 63845K [0x0000000080000000, 0x0000000100000000)
  region size 1024K, 1 young (1024K), 1 survivors (1024K)
 Metaspace       used 56141K, committed 56640K, reserved 1114112K
  class space    used 7675K, committed 7936K, reserved 1048576K
}
Event: 4.023 GC heap before
{Heap before GC invocations=19 (full 0):
 garbage-first heap   total 91136K, used 72037K [0x0000000080000000, 0x0000000100000000)
  region size 1024K, 11 young (11264K), 1 survivors (1024K)
 Metaspace       used 56828K, committed 57408K, reserved 1114112K
  class space    used 7741K, committed 8000K, reserved 1048576K
}

